TencentMapSDK_Android_3D_v5.1.0/TencentMapDemo_Android-master/app/build/intermediates/manifest_merge_blame_file/debug/manifest-merger-blame-debug-report.txt
1<?xml version="1.0" encoding="utf-8"?>
2<manifest xmlns:android="http://schemas.android.com/apk/res/android"
3    package="com.tencent.map.vector.demo"
4    android:versionCode="1"
5    android:versionName="1.0" >
6
7    <uses-sdk
8        android:minSdkVersion="22"
8-->src\main\AndroidManifest.xml
9        android:targetSdkVersion="29" />
9-->src\main\AndroidManifest.xml
10    <!-- 访问网络. 某些位置信息需要从网络服务器获取 -->
11    <uses-permission android:name="android.permission.INTERNET" /> <!-- 访问WiFi状态. 需要WiFi信息用于网络定位 -->
11-->src\main\AndroidManifest.xml:6:5-67
11-->src\main\AndroidManifest.xml:6:22-64
12    <uses-permission android:name="android.permission.ACCESS_NETWORK_STATE" /> <!-- 修改WiFi状态. 发起WiFi扫描, 需要WiFi信息用于网络定位 -->
12-->src\main\AndroidManifest.xml:7:5-79
12-->src\main\AndroidManifest.xml:7:22-76
13    <uses-permission android:name="android.permission.ACCESS_WIFI_STATE" /> <!-- 访问网络状态, 检测网络的可用性. 需要网络运营商相关信息用于网络定位 -->
13-->src\main\AndroidManifest.xml:8:5-76
13-->src\main\AndroidManifest.xml:8:22-73
14    <uses-permission android:name="android.permission.WRITE_EXTERNAL_STORAGE" /> <!-- 访问网络的变化, 需要某些信息用于网络定位 -->
14-->src\main\AndroidManifest.xml:9:5-81
14-->src\main\AndroidManifest.xml:9:22-78
15    <uses-permission android:name="android.permission.READ_EXTERNAL_STORAGE" />
15-->src\main\AndroidManifest.xml:10:5-80
15-->src\main\AndroidManifest.xml:10:22-77
16    <uses-permission android:name="android.permission.READ_PHONE_STATE" /> <!-- 访问手机当前状态, 需要device id用于网络定位 -->
16-->src\main\AndroidManifest.xml:11:5-75
16-->src\main\AndroidManifest.xml:11:22-72
17    <uses-permission android:name="android.permission.ACCESS_FINE_LOCATION" />
17-->src\main\AndroidManifest.xml:12:5-79
17-->src\main\AndroidManifest.xml:12:22-76
18    <uses-permission android:name="android.permission.ACCESS_COARSE_LOCATION" />
18-->src\main\AndroidManifest.xml:13:5-81
18-->src\main\AndroidManifest.xml:13:22-78
19    <uses-permission android:name="android.permission.INTERNET" />
19-->src\main\AndroidManifest.xml:6:5-67
19-->src\main\AndroidManifest.xml:6:22-64
20    <uses-permission android:name="android.permission.ACCESS_WIFI_STATE" />
20-->src\main\AndroidManifest.xml:8:5-76
20-->src\main\AndroidManifest.xml:8:22-73
21    <uses-permission android:name="android.permission.CHANGE_WIFI_STATE" />
21-->src\main\AndroidManifest.xml:16:5-76
21-->src\main\AndroidManifest.xml:16:22-73
22    <uses-permission android:name="android.permission.ACCESS_NETWORK_STATE" />
22-->src\main\AndroidManifest.xml:7:5-79
22-->src\main\AndroidManifest.xml:7:22-76
23    <uses-permission android:name="android.permission.CHANGE_NETWORK_STATE" />
23-->src\main\AndroidManifest.xml:18:5-79
23-->src\main\AndroidManifest.xml:18:22-76
24    <uses-permission android:name="android.permission.READ_PHONE_STATE" />
24-->src\main\AndroidManifest.xml:11:5-75
24-->src\main\AndroidManifest.xml:11:22-72
25    <uses-permission android:name="android.permission.ACCESS_FINE_LOCATION" />
25-->src\main\AndroidManifest.xml:12:5-79
25-->src\main\AndroidManifest.xml:12:22-76
26
27    <!-- 蓝牙扫描权限 -->
28    <uses-permission android:name="android.permission.BLUETOOTH" />
28-->[com.tencent.map.geolocation:TencentLocationSdk-openplatform:7.5.2] AndroidManifest.xml:26:5-68
28-->[com.tencent.map.geolocation:TencentLocationSdk-openplatform:7.5.2] AndroidManifest.xml:26:22-65
29    <uses-permission android:name="android.permission.BLUETOOTH_ADMIN" /> <!-- 前台service权限 -->
29-->[com.tencent.map.geolocation:TencentLocationSdk-openplatform:7.5.2] AndroidManifest.xml:27:5-74
29-->[com.tencent.map.geolocation:TencentLocationSdk-openplatform:7.5.2] AndroidManifest.xml:27:22-71
30    <uses-permission android:name="android.permission.FOREGROUND_SERVICE" /> <!-- 后台定位权限 -->
30-->[com.tencent.map.geolocation:TencentLocationSdk-openplatform:7.5.2] AndroidManifest.xml:29:5-77
30-->[com.tencent.map.geolocation:TencentLocationSdk-openplatform:7.5.2] AndroidManifest.xml:29:22-74
31    <uses-permission android:name="android.permission.ACCESS_BACKGROUND_LOCATION" />
31-->[com.tencent.map.geolocation:TencentLocationSdk-openplatform:7.5.2] AndroidManifest.xml:31:5-85
31-->[com.tencent.map.geolocation:TencentLocationSdk-openplatform:7.5.2] AndroidManifest.xml:31:22-82
32
33    <application
33-->src\main\AndroidManifest.xml:22:5-532:19
34        android:allowBackup="true"
34-->src\main\AndroidManifest.xml:23:9-35
35        android:appComponentFactory="androidx.core.app.CoreComponentFactory"
35-->[androidx.core:core:1.1.0] AndroidManifest.xml:24:18-86
36        android:debuggable="true"
37        android:icon="@mipmap/ic_launcher"
37-->src\main\AndroidManifest.xml:24:9-43
38        android:label="@string/app_name"
38-->src\main\AndroidManifest.xml:25:9-41
39        android:roundIcon="@mipmap/ic_launcher_round"
39-->src\main\AndroidManifest.xml:26:9-54
40        android:supportsRtl="true"
40-->src\main\AndroidManifest.xml:27:9-35
41        android:theme="@style/AppTheme"
41-->src\main\AndroidManifest.xml:28:9-40
42        android:usesCleartextTraffic="true" >
42-->src\main\AndroidManifest.xml:29:9-44
43        <activity android:name="com.tencent.map.vector.demo.MainActivity" >
43-->src\main\AndroidManifest.xml:32:9-38:20
43-->src\main\AndroidManifest.xml:32:19-47
44            <intent-filter>
44-->src\main\AndroidManifest.xml:33:13-37:29
45                <action android:name="android.intent.action.MAIN" />
45-->src\main\AndroidManifest.xml:34:17-69
45-->src\main\AndroidManifest.xml:34:25-66
46
47                <category android:name="android.intent.category.LAUNCHER" />
47-->src\main\AndroidManifest.xml:36:17-77
47-->src\main\AndroidManifest.xml:36:27-74
48            </intent-filter>
49        </activity>
50        <activity
50-->src\main\AndroidManifest.xml:39:9-46:20
51            android:name="com.tencent.map.vector.demo.basic.MapViewActivity"
51-->src\main\AndroidManifest.xml:40:13-50
52            android:description="@string/demo_description_show_map"
52-->src\main\AndroidManifest.xml:41:13-68
53            android:label="@string/demo_label_show_map" >
53-->src\main\AndroidManifest.xml:42:13-56
54            <meta-data
54-->src\main\AndroidManifest.xml:43:13-45:59
55                android:name="@string/demo_type"
55-->src\main\AndroidManifest.xml:44:17-49
56                android:value="@string/demo_type_basic" />
56-->src\main\AndroidManifest.xml:45:17-56
57        </activity>
58        <activity
58-->src\main\AndroidManifest.xml:47:9-54:20
59            android:name="com.tencent.map.vector.demo.basic.SetMapTypeActivity"
59-->src\main\AndroidManifest.xml:48:13-53
60            android:description="@string/demo_description_map_type"
60-->src\main\AndroidManifest.xml:49:13-68
61            android:label="@string/demo_label_map_type" >
61-->src\main\AndroidManifest.xml:50:13-56
62            <meta-data
62-->src\main\AndroidManifest.xml:43:13-45:59
63                android:name="@string/demo_type"
63-->src\main\AndroidManifest.xml:44:17-49
64                android:value="@string/demo_type_basic" />
64-->src\main\AndroidManifest.xml:45:17-56
65        </activity>
66        <activity
66-->src\main\AndroidManifest.xml:55:9-62:20
67            android:name="com.tencent.map.vector.demo.basic.MapRenderLayerActivity"
67-->src\main\AndroidManifest.xml:56:13-57
68            android:description="@string/demo_description_show_mapRenderLayer"
68-->src\main\AndroidManifest.xml:57:13-79
69            android:label="@string/demo_label_show_mapRenderLayer" >
69-->src\main\AndroidManifest.xml:58:13-67
70            <meta-data
70-->src\main\AndroidManifest.xml:43:13-45:59
71                android:name="@string/demo_type"
71-->src\main\AndroidManifest.xml:44:17-49
72                android:value="@string/demo_type_basic" />
72-->src\main\AndroidManifest.xml:45:17-56
73        </activity>
74        <activity
74-->src\main\AndroidManifest.xml:63:9-70:20
75            android:name="com.tencent.map.vector.demo.location.LocationLayerActivity"
75-->src\main\AndroidManifest.xml:64:13-59
76            android:description="@string/demo_description_show_location"
76-->src\main\AndroidManifest.xml:65:13-73
77            android:label="@string/demo_label_show_location" >
77-->src\main\AndroidManifest.xml:66:13-61
78            <meta-data
78-->src\main\AndroidManifest.xml:43:13-45:59
79                android:name="@string/demo_type"
79-->src\main\AndroidManifest.xml:44:17-49
80                android:value="@string/demo_type_location" />
80-->src\main\AndroidManifest.xml:45:17-56
81        </activity>
82        <activity
82-->src\main\AndroidManifest.xml:71:9-78:20
83            android:name="com.tencent.map.vector.demo.location.LocationPointActivity"
83-->src\main\AndroidManifest.xml:72:13-59
84            android:description="@string/demo_description_change_location_style"
84-->src\main\AndroidManifest.xml:73:13-81
85            android:label="@string/demo_label_change_location_style" >
85-->src\main\AndroidManifest.xml:74:13-69
86            <meta-data
86-->src\main\AndroidManifest.xml:43:13-45:59
87                android:name="@string/demo_type"
87-->src\main\AndroidManifest.xml:44:17-49
88                android:value="@string/demo_type_location" />
88-->src\main\AndroidManifest.xml:45:17-56
89        </activity>
90        <activity
90-->src\main\AndroidManifest.xml:79:9-86:20
91            android:name="com.tencent.map.vector.demo.basic.IndoorMapActivity"
91-->src\main\AndroidManifest.xml:80:13-52
92            android:description="@string/demo_description_indoor_map"
92-->src\main\AndroidManifest.xml:81:13-70
93            android:label="@string/demo_label_indoor_map" >
93-->src\main\AndroidManifest.xml:82:13-58
94            <meta-data
94-->src\main\AndroidManifest.xml:43:13-45:59
95                android:name="@string/demo_type"
95-->src\main\AndroidManifest.xml:44:17-49
96                android:value="@string/demo_type_basic" />
96-->src\main\AndroidManifest.xml:45:17-56
97        </activity>
98        <activity
98-->src\main\AndroidManifest.xml:87:9-94:20
99            android:name="com.tencent.map.vector.demo.basic.OverseaMapActivity"
99-->src\main\AndroidManifest.xml:88:13-53
100            android:description="@string/demo_description_oversea"
100-->src\main\AndroidManifest.xml:89:13-67
101            android:label="@string/demo_label_oversea" >
101-->src\main\AndroidManifest.xml:90:13-55
102            <meta-data
102-->src\main\AndroidManifest.xml:43:13-45:59
103                android:name="@string/demo_type"
103-->src\main\AndroidManifest.xml:44:17-49
104                android:value="@string/demo_type_basic" />
104-->src\main\AndroidManifest.xml:45:17-56
105        </activity>
106        <activity
106-->src\main\AndroidManifest.xml:95:9-102:20
107            android:name="com.tencent.map.vector.demo.basic.MapStyleDemoActivity"
107-->src\main\AndroidManifest.xml:96:13-55
108            android:description="@string/demo_description_style"
108-->src\main\AndroidManifest.xml:97:13-65
109            android:label="@string/demo_label_style" >
109-->src\main\AndroidManifest.xml:98:13-53
110            <meta-data
110-->src\main\AndroidManifest.xml:43:13-45:59
111                android:name="@string/demo_type"
111-->src\main\AndroidManifest.xml:44:17-49
112                android:value="@string/demo_type_basic" />
112-->src\main\AndroidManifest.xml:45:17-56
113        </activity>
114        <activity
114-->src\main\AndroidManifest.xml:103:9-110:20
115            android:name="com.tencent.map.vector.demo.basic.UiSettingsActivity"
115-->src\main\AndroidManifest.xml:104:13-53
116            android:description="@string/demo_description_ui"
116-->src\main\AndroidManifest.xml:105:13-62
117            android:label="@string/demo_label_ui" >
117-->src\main\AndroidManifest.xml:106:13-50
118            <meta-data
118-->src\main\AndroidManifest.xml:43:13-45:59
119                android:name="@string/demo_type"
119-->src\main\AndroidManifest.xml:44:17-49
120                android:value="@string/demo_type_interactive" />
120-->src\main\AndroidManifest.xml:45:17-56
121        </activity>
122        <activity
122-->src\main\AndroidManifest.xml:111:9-118:20
123            android:name="com.tencent.map.vector.demo.gesture.GestureSettingsActivity"
123-->src\main\AndroidManifest.xml:112:13-60
124            android:description="@string/demo_description_gesture"
124-->src\main\AndroidManifest.xml:113:13-67
125            android:label="@string/demo_label_gesture" >
125-->src\main\AndroidManifest.xml:114:13-55
126            <meta-data
126-->src\main\AndroidManifest.xml:43:13-45:59
127                android:name="@string/demo_type"
127-->src\main\AndroidManifest.xml:44:17-49
128                android:value="@string/demo_type_interactive" />
128-->src\main\AndroidManifest.xml:45:17-56
129        </activity>
130        <activity
130-->src\main\AndroidManifest.xml:119:9-126:20
131            android:name="com.tencent.map.vector.demo.transaction.ZoomMapActivity"
131-->src\main\AndroidManifest.xml:120:13-56
132            android:description="@string/demo_description_modify_zoom"
132-->src\main\AndroidManifest.xml:121:13-71
133            android:label="@string/demo_label_modify_zoom" >
133-->src\main\AndroidManifest.xml:122:13-59
134            <meta-data
134-->src\main\AndroidManifest.xml:43:13-45:59
135                android:name="@string/demo_type"
135-->src\main\AndroidManifest.xml:44:17-49
136                android:value="@string/demo_type_interactive" />
136-->src\main\AndroidManifest.xml:45:17-56
137        </activity>
138        <activity
138-->src\main\AndroidManifest.xml:127:9-134:20
139            android:name="com.tencent.map.vector.demo.camera.MapCameraCenterActivity"
139-->src\main\AndroidManifest.xml:128:13-59
140            android:description="@string/demo_description_modify_map_center"
140-->src\main\AndroidManifest.xml:129:13-77
141            android:label="@string/demo_label_modify_map_center" >
141-->src\main\AndroidManifest.xml:130:13-65
142            <meta-data
142-->src\main\AndroidManifest.xml:43:13-45:59
143                android:name="@string/demo_type"
143-->src\main\AndroidManifest.xml:44:17-49
144                android:value="@string/demo_type_interactive" />
144-->src\main\AndroidManifest.xml:45:17-56
145        </activity>
146        <activity
146-->src\main\AndroidManifest.xml:135:9-142:20
147            android:name="com.tencent.map.vector.demo.camera.MapBoundActivity"
147-->src\main\AndroidManifest.xml:136:13-52
148            android:description="@string/demo_description_map_bound"
148-->src\main\AndroidManifest.xml:137:13-69
149            android:label="@string/demo_label_map_bound" >
149-->src\main\AndroidManifest.xml:138:13-57
150            <meta-data
150-->src\main\AndroidManifest.xml:43:13-45:59
151                android:name="@string/demo_type"
151-->src\main\AndroidManifest.xml:44:17-49
152                android:value="@string/demo_type_interactive" />
152-->src\main\AndroidManifest.xml:45:17-56
153        </activity>
154        <activity
154-->src\main\AndroidManifest.xml:143:9-150:20
155            android:name="com.tencent.map.vector.demo.poi.PoiClickActivity"
155-->src\main\AndroidManifest.xml:144:13-49
156            android:description="@string/demo_description_click_poi"
156-->src\main\AndroidManifest.xml:145:13-69
157            android:label="@string/demo_label_click_poi" >
157-->src\main\AndroidManifest.xml:146:13-57
158            <meta-data
158-->src\main\AndroidManifest.xml:43:13-45:59
159                android:name="@string/demo_type"
159-->src\main\AndroidManifest.xml:44:17-49
160                android:value="@string/demo_type_interactive" />
160-->src\main\AndroidManifest.xml:45:17-56
161        </activity>
162        <activity
162-->src\main\AndroidManifest.xml:151:9-158:20
163            android:name="com.tencent.map.vector.demo.transaction.AnimateCameraActivity"
163-->src\main\AndroidManifest.xml:152:13-62
164            android:description="@string/demo_description_animate_camera"
164-->src\main\AndroidManifest.xml:153:13-74
165            android:label="@string/demo_label_animate_camera" >
165-->src\main\AndroidManifest.xml:154:13-62
166            <meta-data
166-->src\main\AndroidManifest.xml:43:13-45:59
167                android:name="@string/demo_type"
167-->src\main\AndroidManifest.xml:44:17-49
168                android:value="@string/demo_type_interactive" />
168-->src\main\AndroidManifest.xml:45:17-56
169        </activity>
170        <activity
170-->src\main\AndroidManifest.xml:159:9-166:20
171            android:name="com.tencent.map.vector.demo.camera.MapAnchorZoomActivity"
171-->src\main\AndroidManifest.xml:160:13-57
172            android:description="@string/demo_description_map_camera_anchor"
172-->src\main\AndroidManifest.xml:161:13-77
173            android:label="@string/demo_label_map_camera_anchor" >
173-->src\main\AndroidManifest.xml:162:13-65
174            <meta-data
174-->src\main\AndroidManifest.xml:43:13-45:59
175                android:name="@string/demo_type"
175-->src\main\AndroidManifest.xml:44:17-49
176                android:value="@string/demo_type_interactive" />
176-->src\main\AndroidManifest.xml:45:17-56
177        </activity>
178        <activity
178-->src\main\AndroidManifest.xml:167:9-174:20
179            android:name="com.tencent.map.vector.demo.transaction.ScollMapActivity"
179-->src\main\AndroidManifest.xml:168:13-57
180            android:description="@string/demo_description_camera_translation"
180-->src\main\AndroidManifest.xml:169:13-78
181            android:label="@string/demo_label_camera_translation" >
181-->src\main\AndroidManifest.xml:170:13-66
182            <meta-data
182-->src\main\AndroidManifest.xml:43:13-45:59
183                android:name="@string/demo_type"
183-->src\main\AndroidManifest.xml:44:17-49
184                android:value="@string/demo_type_transformation" />
184-->src\main\AndroidManifest.xml:45:17-56
185        </activity>
186        <activity
186-->src\main\AndroidManifest.xml:175:9-182:20
187            android:name="com.tencent.map.vector.demo.transaction.RotateMapActivity"
187-->src\main\AndroidManifest.xml:176:13-58
188            android:description="@string/demo_description_camera_rotation"
188-->src\main\AndroidManifest.xml:177:13-75
189            android:label="@string/demo_label_camera_rotation" >
189-->src\main\AndroidManifest.xml:178:13-63
190            <meta-data
190-->src\main\AndroidManifest.xml:43:13-45:59
191                android:name="@string/demo_type"
191-->src\main\AndroidManifest.xml:44:17-49
192                android:value="@string/demo_type_transformation" />
192-->src\main\AndroidManifest.xml:45:17-56
193        </activity>
194        <activity
194-->src\main\AndroidManifest.xml:183:9-190:20
195            android:name="com.tencent.map.vector.demo.transaction.ZoomCalulateActivity"
195-->src\main\AndroidManifest.xml:184:13-61
196            android:description="@string/demo_description_camera_include_points"
196-->src\main\AndroidManifest.xml:185:13-81
197            android:label="@string/demo_label_camera_include_points" >
197-->src\main\AndroidManifest.xml:186:13-69
198            <meta-data
198-->src\main\AndroidManifest.xml:43:13-45:59
199                android:name="@string/demo_type"
199-->src\main\AndroidManifest.xml:44:17-49
200                android:value="@string/demo_type_transformation" />
200-->src\main\AndroidManifest.xml:45:17-56
201        </activity>
202        <activity
202-->src\main\AndroidManifest.xml:191:9-198:20
203            android:name="com.tencent.map.vector.demo.transaction.MoveCameraActivity"
203-->src\main\AndroidManifest.xml:192:13-59
204            android:description="@string/demo_description_camera_change_listener"
204-->src\main\AndroidManifest.xml:193:13-82
205            android:label="@string/demo_label_camera_change_listener" >
205-->src\main\AndroidManifest.xml:194:13-70
206            <meta-data
206-->src\main\AndroidManifest.xml:43:13-45:59
207                android:name="@string/demo_type"
207-->src\main\AndroidManifest.xml:44:17-49
208                android:value="@string/demo_type_transformation" />
208-->src\main\AndroidManifest.xml:45:17-56
209        </activity>
210        <activity
210-->src\main\AndroidManifest.xml:199:9-206:20
211            android:name="com.tencent.map.vector.demo.gesture.MapListenActivity"
211-->src\main\AndroidManifest.xml:200:13-54
212            android:description="@string/demo_description_map_click_listener"
212-->src\main\AndroidManifest.xml:201:13-78
213            android:label="@string/demo_label_map_click_listener" >
213-->src\main\AndroidManifest.xml:202:13-66
214            <meta-data
214-->src\main\AndroidManifest.xml:43:13-45:59
215                android:name="@string/demo_type"
215-->src\main\AndroidManifest.xml:44:17-49
216                android:value="@string/demo_type_transformation" />
216-->src\main\AndroidManifest.xml:45:17-56
217        </activity>
218        <activity
218-->src\main\AndroidManifest.xml:207:9-214:20
219            android:name="com.tencent.map.vector.demo.gesture.MapLongClickActivity"
219-->src\main\AndroidManifest.xml:208:13-57
220            android:description="@string/demo_description_map_long_click_listener"
220-->src\main\AndroidManifest.xml:209:13-83
221            android:label="@string/demo_label_map_long_click_listener" >
221-->src\main\AndroidManifest.xml:210:13-71
222            <meta-data
222-->src\main\AndroidManifest.xml:43:13-45:59
223                android:name="@string/demo_type"
223-->src\main\AndroidManifest.xml:44:17-49
224                android:value="@string/demo_type_transformation" />
224-->src\main\AndroidManifest.xml:45:17-56
225        </activity> <!-- 标注 -->
226        <activity
226-->src\main\AndroidManifest.xml:215:9-222:20
227            android:name="com.tencent.map.vector.demo.marker.SimpleMarkerActivity"
227-->src\main\AndroidManifest.xml:216:13-56
228            android:description="@string/demo_description_simple_marker"
228-->src\main\AndroidManifest.xml:217:13-73
229            android:label="@string/demo_label_simple_marker" >
229-->src\main\AndroidManifest.xml:218:13-61
230            <meta-data
230-->src\main\AndroidManifest.xml:43:13-45:59
231                android:name="@string/demo_type"
231-->src\main\AndroidManifest.xml:44:17-49
232                android:value="@string/demo_type_marker" />
232-->src\main\AndroidManifest.xml:45:17-56
233        </activity>
234        <activity
234-->src\main\AndroidManifest.xml:223:9-230:20
235            android:name="com.tencent.map.vector.demo.marker.MarkerCollisions"
235-->src\main\AndroidManifest.xml:224:13-52
236            android:description="@string/demo_description_collisions_marker"
236-->src\main\AndroidManifest.xml:225:13-77
237            android:label="@string/demo_label_collisions_marker" >
237-->src\main\AndroidManifest.xml:226:13-65
238            <meta-data
238-->src\main\AndroidManifest.xml:43:13-45:59
239                android:name="@string/demo_type"
239-->src\main\AndroidManifest.xml:44:17-49
240                android:value="@string/demo_type_marker" />
240-->src\main\AndroidManifest.xml:45:17-56
241        </activity>
242        <activity
242-->src\main\AndroidManifest.xml:231:9-238:20
243            android:name="com.tencent.map.vector.demo.marker.MarkerOptionsActivity"
243-->src\main\AndroidManifest.xml:232:13-57
244            android:description="@string/demo_description_marker_options"
244-->src\main\AndroidManifest.xml:233:13-74
245            android:label="@string/demo_label_marker_options" >
245-->src\main\AndroidManifest.xml:234:13-62
246            <meta-data
246-->src\main\AndroidManifest.xml:43:13-45:59
247                android:name="@string/demo_type"
247-->src\main\AndroidManifest.xml:44:17-49
248                android:value="@string/demo_type_marker" />
248-->src\main\AndroidManifest.xml:45:17-56
249        </activity>
250        <activity
250-->src\main\AndroidManifest.xml:239:9-246:20
251            android:name="com.tencent.map.vector.demo.marker.MarkerClickActivity"
251-->src\main\AndroidManifest.xml:240:13-55
252            android:description="@string/demo_description_marker_click_listener"
252-->src\main\AndroidManifest.xml:241:13-81
253            android:label="@string/demo_label_marker_click_listener" >
253-->src\main\AndroidManifest.xml:242:13-69
254            <meta-data
254-->src\main\AndroidManifest.xml:43:13-45:59
255                android:name="@string/demo_type"
255-->src\main\AndroidManifest.xml:44:17-49
256                android:value="@string/demo_type_marker" />
256-->src\main\AndroidManifest.xml:45:17-56
257        </activity>
258        <activity
258-->src\main\AndroidManifest.xml:247:9-254:20
259            android:name="com.tencent.map.vector.demo.marker.MarkerDragActivity"
259-->src\main\AndroidManifest.xml:248:13-54
260            android:description="@string/demo_description_marker_drag_listener"
260-->src\main\AndroidManifest.xml:249:13-80
261            android:label="@string/demo_label_marker_drag_listener" >
261-->src\main\AndroidManifest.xml:250:13-68
262            <meta-data
262-->src\main\AndroidManifest.xml:43:13-45:59
263                android:name="@string/demo_type"
263-->src\main\AndroidManifest.xml:44:17-49
264                android:value="@string/demo_type_marker" />
264-->src\main\AndroidManifest.xml:45:17-56
265        </activity>
266        <activity
266-->src\main\AndroidManifest.xml:255:9-262:20
267            android:name="com.tencent.map.vector.demo.marker.MarkerInfoWindowActivity"
267-->src\main\AndroidManifest.xml:256:13-60
268            android:description="@string/demo_description_infowindow_click_listener"
268-->src\main\AndroidManifest.xml:257:13-85
269            android:label="@string/demo_label_infowindow_click_listener" >
269-->src\main\AndroidManifest.xml:258:13-73
270            <meta-data
270-->src\main\AndroidManifest.xml:43:13-45:59
271                android:name="@string/demo_type"
271-->src\main\AndroidManifest.xml:44:17-49
272                android:value="@string/demo_type_marker" />
272-->src\main\AndroidManifest.xml:45:17-56
273        </activity>
274        <activity
274-->src\main\AndroidManifest.xml:263:9-270:20
275            android:name="com.tencent.map.vector.demo.marker.MarkerClusterActivity"
275-->src\main\AndroidManifest.xml:264:13-57
276            android:description="@string/demo_description_marker_cluster"
276-->src\main\AndroidManifest.xml:265:13-74
277            android:label="@string/demo_label_marker_cluster" >
277-->src\main\AndroidManifest.xml:266:13-62
278            <meta-data
278-->src\main\AndroidManifest.xml:43:13-45:59
279                android:name="@string/demo_type"
279-->src\main\AndroidManifest.xml:44:17-49
280                android:value="@string/demo_type_marker" />
280-->src\main\AndroidManifest.xml:45:17-56
281        </activity>
282        <activity
282-->src\main\AndroidManifest.xml:271:9-278:20
283            android:name="com.tencent.map.vector.demo.marker.MarkerAnimation"
283-->src\main\AndroidManifest.xml:272:13-51
284            android:description="@string/demo_description_marker_animation"
284-->src\main\AndroidManifest.xml:273:13-76
285            android:label="@string/demo_label_marker_animation" >
285-->src\main\AndroidManifest.xml:274:13-64
286            <meta-data
286-->src\main\AndroidManifest.xml:43:13-45:59
287                android:name="@string/demo_type"
287-->src\main\AndroidManifest.xml:44:17-49
288                android:value="@string/demo_type_marker" />
288-->src\main\AndroidManifest.xml:45:17-56
289        </activity>
290        <activity
290-->src\main\AndroidManifest.xml:279:9-286:20
291            android:name="com.tencent.map.vector.demo.heatoverlay.DrawHeatOverlayActivity"
291-->src\main\AndroidManifest.xml:280:13-64
292            android:description="@string/demo_description_heat_map"
292-->src\main\AndroidManifest.xml:281:13-68
293            android:label="@string/demo_label_heat_map" >
293-->src\main\AndroidManifest.xml:282:13-56
294            <meta-data
294-->src\main\AndroidManifest.xml:43:13-45:59
295                android:name="@string/demo_type"
295-->src\main\AndroidManifest.xml:44:17-49
296                android:value="@string/demo_type_draw" />
296-->src\main\AndroidManifest.xml:45:17-56
297        </activity>
298        <activity
298-->src\main\AndroidManifest.xml:287:9-294:20
299            android:name="com.tencent.map.vector.demo.polygon.TileOverlayActivity"
299-->src\main\AndroidManifest.xml:288:13-56
300            android:description="@string/demo_description_tileOverlay_map"
300-->src\main\AndroidManifest.xml:289:13-75
301            android:label="@string/demo_label_tileOverlay_map" >
301-->src\main\AndroidManifest.xml:290:13-63
302            <meta-data
302-->src\main\AndroidManifest.xml:43:13-45:59
303                android:name="@string/demo_type"
303-->src\main\AndroidManifest.xml:44:17-49
304                android:value="@string/demo_type_draw" />
304-->src\main\AndroidManifest.xml:45:17-56
305        </activity>
306        <activity
306-->src\main\AndroidManifest.xml:295:9-302:20
307            android:name="com.tencent.map.vector.demo.polyline.DrawLineActivity"
307-->src\main\AndroidManifest.xml:296:13-54
308            android:description="@string/demo_description_polyline"
308-->src\main\AndroidManifest.xml:297:13-68
309            android:label="@string/demo_label_polyline" >
309-->src\main\AndroidManifest.xml:298:13-56
310            <meta-data
310-->src\main\AndroidManifest.xml:43:13-45:59
311                android:name="@string/demo_type"
311-->src\main\AndroidManifest.xml:44:17-49
312                android:value="@string/demo_type_draw" />
312-->src\main\AndroidManifest.xml:45:17-56
313        </activity>
314        <activity
314-->src\main\AndroidManifest.xml:303:9-310:20